<?xml version="1.0"?>
<!DOCTYPE coverage SYSTEM "http://cobertura.sourceforge.net/xml/coverage-04.dtd">
<coverage line-rate="0.6944444444444444" branch-rate="0.7159090909090909" lines-covered="575" lines-valid="828" branches-covered="252" branches-valid="352" complexity="0.0" timestamp="1637266987" version="Slather 2.7.2">
  <sources>
    <source>/Users/leonir/Tests/listpublicgists</source>
  </sources>
  <packages>
    <package name="ListPublicGists.Application.Commons" line-rate="0.6842105263157895" branch-rate="0.6428571428571429" complexity="0.0">
      <classes>
        <class name="Cache" filename="ListPublicGists/Application/Commons/Cache.swift" line-rate="0.6666666666666666" branch-rate="0.6666666666666666" complexity="0.0">
          <methods/>
          <lines>
            <line number="15" branch="true" hits="1" condition-coverage="100% (1/1)">
              <conditions>
                <condition number="0" type="jump" coverage="100%"/>
              </conditions>
            </line>
            <line number="16" branch="false" hits="1"/>
            <line number="17" branch="false" hits="1"/>
            <line number="19" branch="true" hits="0" condition-coverage="0% (0/1)">
              <conditions>
                <condition number="0" type="jump" coverage="0%"/>
              </conditions>
            </line>
            <line number="20" branch="false" hits="0"/>
            <line number="21" branch="false" hits="0"/>
            <line number="23" branch="true" hits="1" condition-coverage="100% (1/1)">
              <conditions>
                <condition number="0" type="jump" coverage="100%"/>
              </conditions>
            </line>
            <line number="24" branch="false" hits="1"/>
            <line number="25" branch="false" hits="1"/>
          </lines>
        </class>
        <class name="Observable" filename="ListPublicGists/Application/Commons/Observable.swift" line-rate="1.0000000000000000" branch-rate="1.0000000000000000" complexity="0.0">
          <methods/>
          <lines>
            <line number="12" branch="true" hits="6" condition-coverage="100% (1/1)">
              <conditions>
                <condition number="0" type="jump" coverage="100%"/>
              </conditions>
            </line>
            <line number="13" branch="false" hits="6"/>
            <line number="14" branch="false" hits="6"/>
            <line number="19" branch="true" hits="13" condition-coverage="100% (1/1)">
              <conditions>
                <condition number="0" type="jump" coverage="100%"/>
              </conditions>
            </line>
            <line number="20" branch="false" hits="13"/>
            <line number="21" branch="false" hits="13"/>
          </lines>
        </class>
        <class name="RouterType" filename="ListPublicGists/Application/Commons/RouterType.swift" line-rate="0.6086956521739131" branch-rate="0.5555555555555556" complexity="0.0">
          <methods/>
          <lines>
            <line number="17" branch="true" hits="6" condition-coverage="100% (1/1)">
              <conditions>
                <condition number="0" type="jump" coverage="100%"/>
              </conditions>
            </line>
            <line number="19" branch="true" hits="6" condition-coverage="100% (1/1)">
              <conditions>
                <condition number="0" type="jump" coverage="100%"/>
              </conditions>
            </line>
            <line number="20" branch="false" hits="6"/>
            <line number="21" branch="false" hits="6"/>
            <line number="22" branch="false" hits="6"/>
            <line number="23" branch="false" hits="6"/>
            <line number="25" branch="true" hits="6" condition-coverage="100% (1/1)">
              <conditions>
                <condition number="0" type="jump" coverage="100%"/>
              </conditions>
            </line>
            <line number="26" branch="false" hits="6"/>
            <line number="27" branch="false" hits="6"/>
            <line number="28" branch="false" hits="6"/>
            <line number="30" branch="true" hits="0" condition-coverage="0% (0/1)">
              <conditions>
                <condition number="0" type="jump" coverage="0%"/>
              </conditions>
            </line>
            <line number="31" branch="true" hits="0" condition-coverage="0% (0/2)">
              <conditions>
                <condition number="0" type="jump" coverage="0%"/>
              </conditions>
            </line>
            <line number="32" branch="false" hits="0"/>
            <line number="33" branch="false" hits="0"/>
            <line number="34" branch="false" hits="0"/>
            <line number="38" branch="true" hits="1" condition-coverage="100% (1/1)">
              <conditions>
                <condition number="0" type="jump" coverage="100%"/>
              </conditions>
            </line>
            <line number="39" branch="false" hits="1"/>
            <line number="40" branch="true" hits="1" condition-coverage="100% (1/1)">
              <conditions>
                <condition number="0" type="jump" coverage="100%"/>
              </conditions>
            </line>
            <line number="41" branch="false" hits="1"/>
            <line number="42" branch="true" hits="0" condition-coverage="0% (0/1)">
              <conditions>
                <condition number="0" type="jump" coverage="0%"/>
              </conditions>
            </line>
            <line number="43" branch="false" hits="0"/>
            <line number="44" branch="false" hits="0"/>
            <line number="45" branch="false" hits="0"/>
          </lines>
        </class>
      </classes>
    </package>
    <package name="ListPublicGists.Application.Commons.ErrorView" line-rate="0.5111111111111111" branch-rate="0.5625000000000000" complexity="0.0">
      <classes>
        <class name="ErrorView" filename="ListPublicGists/Application/Commons/ErrorView/ErrorView.swift" line-rate="0.5111111111111111" branch-rate="0.5625000000000000" complexity="0.0">
          <methods/>
          <lines>
            <line number="25" branch="true" hits="1" condition-coverage="100% (1/1)">
              <conditions>
                <condition number="0" type="jump" coverage="100%"/>
              </conditions>
            </line>
            <line number="26" branch="false" hits="1"/>
            <line number="27" branch="false" hits="1"/>
            <line number="28" branch="false" hits="1"/>
            <line number="30" branch="true" hits="0" condition-coverage="0% (0/1)">
              <conditions>
                <condition number="0" type="jump" coverage="0%"/>
              </conditions>
            </line>
            <line number="31" branch="true" hits="0" condition-coverage="0% (0/2)">
              <conditions>
                <condition number="0" type="jump" coverage="0%"/>
              </conditions>
            </line>
            <line number="32" branch="false" hits="0"/>
            <line number="37" branch="true" hits="0" condition-coverage="0% (0/1)">
              <conditions>
                <condition number="0" type="jump" coverage="0%"/>
              </conditions>
            </line>
            <line number="38" branch="false" hits="0"/>
            <line number="39" branch="false" hits="0"/>
            <line number="40" branch="false" hits="0"/>
            <line number="41" branch="false" hits="0"/>
            <line number="42" branch="false" hits="0"/>
            <line number="43" branch="false" hits="0"/>
            <line number="46" branch="true" hits="1" condition-coverage="100% (1/1)">
              <conditions>
                <condition number="0" type="jump" coverage="100%"/>
              </conditions>
            </line>
            <line number="47" branch="false" hits="1"/>
            <line number="48" branch="false" hits="1"/>
            <line number="49" branch="false" hits="1"/>
            <line number="50" branch="false" hits="1"/>
            <line number="53" branch="true" hits="1" condition-coverage="100% (1/1)">
              <conditions>
                <condition number="0" type="jump" coverage="100%"/>
              </conditions>
            </line>
            <line number="54" branch="false" hits="1"/>
            <line number="55" branch="true" hits="0" condition-coverage="0% (0/1)">
              <conditions>
                <condition number="0" type="jump" coverage="0%"/>
              </conditions>
            </line>
            <line number="56" branch="false" hits="0"/>
            <line number="57" branch="false" hits="0"/>
            <line number="58" branch="true" hits="0" condition-coverage="100% (1/1)">
              <conditions>
                <condition number="0" type="jump" coverage="100%"/>
              </conditions>
            </line>
            <line number="59" branch="true" hits="0" condition-coverage="0% (0/1)">
              <conditions>
                <condition number="0" type="jump" coverage="0%"/>
              </conditions>
            </line>
            <line number="60" branch="false" hits="0"/>
            <line number="61" branch="false" hits="0"/>
            <line number="62" branch="true" hits="0" condition-coverage="100% (1/1)">
              <conditions>
                <condition number="0" type="jump" coverage="100%"/>
              </conditions>
            </line>
            <line number="63" branch="true" hits="1" condition-coverage="100% (1/1)">
              <conditions>
                <condition number="0" type="jump" coverage="100%"/>
              </conditions>
            </line>
            <line number="64" branch="false" hits="1"/>
            <line number="65" branch="false" hits="1"/>
            <line number="66" branch="true" hits="1" condition-coverage="100% (1/1)">
              <conditions>
                <condition number="0" type="jump" coverage="100%"/>
              </conditions>
            </line>
            <line number="67" branch="true" hits="1" condition-coverage="100% (1/1)">
              <conditions>
                <condition number="0" type="jump" coverage="100%"/>
              </conditions>
            </line>
            <line number="68" branch="false" hits="1"/>
            <line number="72" branch="true" hits="1" condition-coverage="100% (1/1)">
              <conditions>
                <condition number="0" type="jump" coverage="100%"/>
              </conditions>
            </line>
            <line number="73" branch="false" hits="1"/>
            <line number="74" branch="false" hits="1"/>
            <line number="75" branch="false" hits="1"/>
            <line number="76" branch="false" hits="1"/>
            <line number="77" branch="false" hits="1"/>
            <line number="80" branch="true" hits="0" condition-coverage="0% (0/1)">
              <conditions>
                <condition number="0" type="jump" coverage="0%"/>
              </conditions>
            </line>
            <line number="81" branch="false" hits="0"/>
            <line number="82" branch="false" hits="0"/>
            <line number="83" branch="false" hits="0"/>
          </lines>
        </class>
      </classes>
    </package>
    <package name="ListPublicGists.Application.Extensions" line-rate="0.6620689655172414" branch-rate="0.6792452830188679" complexity="0.0">
      <classes>
        <class name="Date+Ext" filename="ListPublicGists/Application/Extensions/Date+Ext.swift" line-rate="1.0000000000000000" branch-rate="1.0000000000000000" complexity="0.0">
          <methods/>
          <lines>
            <line number="15" branch="true" hits="6" condition-coverage="100% (1/1)">
              <conditions>
                <condition number="0" type="jump" coverage="100%"/>
              </conditions>
            </line>
            <line number="16" branch="false" hits="6"/>
            <line number="17" branch="false" hits="6"/>
            <line number="18" branch="false" hits="6"/>
            <line number="19" branch="false" hits="6"/>
            <line number="23" branch="true" hits="12" condition-coverage="100% (1/1)">
              <conditions>
                <condition number="0" type="jump" coverage="100%"/>
              </conditions>
            </line>
            <line number="24" branch="false" hits="12"/>
            <line number="25" branch="false" hits="12"/>
            <line number="26" branch="false" hits="12"/>
            <line number="27" branch="false" hits="12"/>
          </lines>
        </class>
        <class name="UIImageView+Ext" filename="ListPublicGists/Application/Extensions/UIImageView+Ext.swift" line-rate="0.7804878048780488" branch-rate="0.8125000000000000" complexity="0.0">
          <methods/>
          <lines>
            <line number="17" branch="true" hits="3" condition-coverage="100% (1/1)">
              <conditions>
                <condition number="0" type="jump" coverage="100%"/>
              </conditions>
            </line>
            <line number="18" branch="false" hits="3"/>
            <line number="19" branch="false" hits="3"/>
            <line number="20" branch="false" hits="3"/>
            <line number="21" branch="true" hits="2" condition-coverage="100% (1/1)">
              <conditions>
                <condition number="0" type="jump" coverage="100%"/>
              </conditions>
            </line>
            <line number="22" branch="true" hits="1" condition-coverage="100% (1/1)">
              <conditions>
                <condition number="0" type="jump" coverage="100%"/>
              </conditions>
            </line>
            <line number="23" branch="false" hits="1"/>
            <line number="24" branch="false" hits="1"/>
            <line number="25" branch="false" hits="1"/>
            <line number="26" branch="false" hits="1"/>
            <line number="27" branch="true" hits="2" condition-coverage="100% (1/1)">
              <conditions>
                <condition number="0" type="jump" coverage="100%"/>
              </conditions>
            </line>
            <line number="28" branch="false" hits="2"/>
            <line number="38" branch="true" hits="1" condition-coverage="100% (1/1)">
              <conditions>
                <condition number="0" type="jump" coverage="100%"/>
              </conditions>
            </line>
            <line number="39" branch="true" hits="0" condition-coverage="0% (0/1)">
              <conditions>
                <condition number="0" type="jump" coverage="0%"/>
              </conditions>
            </line>
            <line number="40" branch="false" hits="0"/>
            <line number="41" branch="true" hits="1" condition-coverage="100% (2/2)">
              <conditions>
                <condition number="0" type="jump" coverage="100%"/>
              </conditions>
            </line>
            <line number="42" branch="false" hits="1"/>
            <line number="43" branch="false" hits="1"/>
            <line number="44" branch="false" hits="1"/>
            <line number="45" branch="false" hits="1"/>
            <line number="46" branch="false" hits="1"/>
            <line number="47" branch="false" hits="1"/>
            <line number="48" branch="false" hits="1"/>
            <line number="49" branch="true" hits="1" condition-coverage="100% (1/1)">
              <conditions>
                <condition number="0" type="jump" coverage="100%"/>
              </conditions>
            </line>
            <line number="50" branch="true" hits="1" condition-coverage="100% (1/1)">
              <conditions>
                <condition number="0" type="jump" coverage="100%"/>
              </conditions>
            </line>
            <line number="51" branch="false" hits="1"/>
            <line number="52" branch="false" hits="1"/>
            <line number="53" branch="true" hits="0" condition-coverage="0% (0/1)">
              <conditions>
                <condition number="0" type="jump" coverage="0%"/>
              </conditions>
            </line>
            <line number="54" branch="false" hits="0"/>
            <line number="55" branch="true" hits="1" condition-coverage="100% (1/1)">
              <conditions>
                <condition number="0" type="jump" coverage="100%"/>
              </conditions>
            </line>
            <line number="56" branch="true" hits="1" condition-coverage="100% (1/1)">
              <conditions>
                <condition number="0" type="jump" coverage="100%"/>
              </conditions>
            </line>
            <line number="57" branch="false" hits="1"/>
            <line number="58" branch="true" hits="0" condition-coverage="0% (0/1)">
              <conditions>
                <condition number="0" type="jump" coverage="0%"/>
              </conditions>
            </line>
            <line number="59" branch="false" hits="0"/>
            <line number="60" branch="false" hits="0"/>
            <line number="61" branch="false" hits="0"/>
            <line number="62" branch="true" hits="0" condition-coverage="100% (1/1)">
              <conditions>
                <condition number="0" type="jump" coverage="100%"/>
              </conditions>
            </line>
            <line number="63" branch="false" hits="1"/>
            <line number="64" branch="false" hits="1"/>
            <line number="65" branch="true" hits="1" condition-coverage="100% (1/1)">
              <conditions>
                <condition number="0" type="jump" coverage="100%"/>
              </conditions>
            </line>
            <line number="66" branch="false" hits="1"/>
          </lines>
        </class>
        <class name="UITableView+Ext" filename="ListPublicGists/Application/Extensions/UITableView+Ext.swift" line-rate="0.4923076923076923" branch-rate="0.5925925925925926" complexity="0.0">
          <methods/>
          <lines>
            <line number="18" branch="true" hits="14" condition-coverage="100% (1/1)">
              <conditions>
                <condition number="0" type="jump" coverage="100%"/>
              </conditions>
            </line>
            <line number="19" branch="false" hits="14"/>
            <line number="20" branch="false" hits="14"/>
            <line number="33" branch="true" hits="14" condition-coverage="100% (1/1)">
              <conditions>
                <condition number="0" type="jump" coverage="100%"/>
              </conditions>
            </line>
            <line number="34" branch="false" hits="14"/>
            <line number="35" branch="false" hits="14"/>
            <line number="36" branch="false" hits="14"/>
            <line number="37" branch="false" hits="14"/>
            <line number="42" branch="true" hits="0" condition-coverage="0% (0/1)">
              <conditions>
                <condition number="0" type="jump" coverage="0%"/>
              </conditions>
            </line>
            <line number="43" branch="false" hits="0"/>
            <line number="44" branch="true" hits="0" condition-coverage="0% (0/1)">
              <conditions>
                <condition number="0" type="jump" coverage="0%"/>
              </conditions>
            </line>
            <line number="45" branch="true" hits="0" condition-coverage="0% (0/2)">
              <conditions>
                <condition number="0" type="jump" coverage="0%"/>
              </conditions>
            </line>
            <line number="46" branch="true" hits="0" condition-coverage="0% (0/1)">
              <conditions>
                <condition number="0" type="jump" coverage="0%"/>
              </conditions>
            </line>
            <line number="47" branch="true" hits="0" condition-coverage="0% (0/1)">
              <conditions>
                <condition number="0" type="jump" coverage="0%"/>
              </conditions>
            </line>
            <line number="48" branch="false" hits="0"/>
            <line number="57" branch="true" hits="6" condition-coverage="100% (1/1)">
              <conditions>
                <condition number="0" type="jump" coverage="100%"/>
              </conditions>
            </line>
            <line number="58" branch="false" hits="6"/>
            <line number="59" branch="false" hits="6"/>
            <line number="60" branch="false" hits="6"/>
            <line number="61" branch="true" hits="3" condition-coverage="100% (1/1)">
              <conditions>
                <condition number="0" type="jump" coverage="100%"/>
              </conditions>
            </line>
            <line number="62" branch="true" hits="3" condition-coverage="100% (1/1)">
              <conditions>
                <condition number="0" type="jump" coverage="100%"/>
              </conditions>
            </line>
            <line number="63" branch="false" hits="3"/>
            <line number="64" branch="false" hits="3"/>
            <line number="65" branch="false" hits="3"/>
            <line number="66" branch="false" hits="3"/>
            <line number="67" branch="true" hits="3" condition-coverage="100% (1/1)">
              <conditions>
                <condition number="0" type="jump" coverage="100%"/>
              </conditions>
            </line>
            <line number="68" branch="false" hits="3"/>
            <line number="73" branch="true" hits="3" condition-coverage="100% (1/1)">
              <conditions>
                <condition number="0" type="jump" coverage="100%"/>
              </conditions>
            </line>
            <line number="74" branch="true" hits="3" condition-coverage="100% (2/2)">
              <conditions>
                <condition number="0" type="jump" coverage="100%"/>
              </conditions>
            </line>
            <line number="75" branch="false" hits="3"/>
            <line number="76" branch="true" hits="3" condition-coverage="66% (2/3)">
              <conditions>
                <condition number="0" type="jump" coverage="66%"/>
              </conditions>
            </line>
            <line number="77" branch="false" hits="0"/>
            <line number="78" branch="false" hits="0"/>
            <line number="79" branch="false" hits="0"/>
            <line number="80" branch="false" hits="0"/>
            <line number="81" branch="false" hits="0"/>
            <line number="82" branch="false" hits="0"/>
            <line number="83" branch="false" hits="0"/>
            <line number="84" branch="false" hits="0"/>
            <line number="85" branch="false" hits="0"/>
            <line number="86" branch="false" hits="0"/>
            <line number="87" branch="false" hits="0"/>
            <line number="88" branch="false" hits="0"/>
            <line number="89" branch="false" hits="0"/>
            <line number="90" branch="true" hits="3" condition-coverage="100% (2/2)">
              <conditions>
                <condition number="0" type="jump" coverage="100%"/>
              </conditions>
            </line>
            <line number="91" branch="false" hits="3"/>
            <line number="92" branch="true" hits="3" condition-coverage="100% (1/1)">
              <conditions>
                <condition number="0" type="jump" coverage="100%"/>
              </conditions>
            </line>
            <line number="93" branch="false" hits="3"/>
            <line number="108" branch="true" hits="0" condition-coverage="0% (0/1)">
              <conditions>
                <condition number="0" type="jump" coverage="0%"/>
              </conditions>
            </line>
            <line number="109" branch="false" hits="0"/>
            <line number="110" branch="false" hits="0"/>
            <line number="111" branch="false" hits="0"/>
            <line number="112" branch="false" hits="0"/>
            <line number="113" branch="true" hits="0" condition-coverage="0% (0/1)">
              <conditions>
                <condition number="0" type="jump" coverage="0%"/>
              </conditions>
            </line>
            <line number="114" branch="false" hits="0"/>
            <line number="115" branch="true" hits="0" condition-coverage="0% (0/1)">
              <conditions>
                <condition number="0" type="jump" coverage="0%"/>
              </conditions>
            </line>
            <line number="116" branch="false" hits="0"/>
            <line number="117" branch="false" hits="0"/>
            <line number="125" branch="true" hits="1" condition-coverage="100% (1/1)">
              <conditions>
                <condition number="0" type="jump" coverage="100%"/>
              </conditions>
            </line>
            <line number="126" branch="false" hits="1"/>
            <line number="127" branch="true" hits="0" condition-coverage="0% (0/1)">
              <conditions>
                <condition number="0" type="jump" coverage="0%"/>
              </conditions>
            </line>
            <line number="128" branch="false" hits="0"/>
            <line number="129" branch="true" hits="0" condition-coverage="100% (1/1)">
              <conditions>
                <condition number="0" type="jump" coverage="100%"/>
              </conditions>
            </line>
            <line number="130" branch="false" hits="1"/>
            <line number="131" branch="false" hits="1"/>
          </lines>
        </class>
        <class name="UIView+Ext" filename="ListPublicGists/Application/Extensions/UIView+Ext.swift" line-rate="0.8461538461538461" branch-rate="0.7142857142857143" complexity="0.0">
          <methods/>
          <lines>
            <line number="14" branch="true" hits="24" condition-coverage="100% (1/1)">
              <conditions>
                <condition number="0" type="jump" coverage="100%"/>
              </conditions>
            </line>
            <line number="15" branch="false" hits="24"/>
            <line number="16" branch="false" hits="24"/>
            <line number="17" branch="false" hits="24"/>
            <line number="18" branch="false" hits="24"/>
            <line number="19" branch="true" hits="0" condition-coverage="0% (0/1)">
              <conditions>
                <condition number="0" type="jump" coverage="0%"/>
              </conditions>
            </line>
            <line number="20" branch="false" hits="0"/>
            <line number="21" branch="true" hits="24" condition-coverage="100% (1/1)">
              <conditions>
                <condition number="0" type="jump" coverage="100%"/>
              </conditions>
            </line>
            <line number="22" branch="false" hits="24"/>
            <line number="23" branch="false" hits="24"/>
            <line number="24" branch="false" hits="24"/>
            <line number="25" branch="false" hits="24"/>
            <line number="26" branch="false" hits="24"/>
            <line number="27" branch="false" hits="24"/>
            <line number="31" branch="true" hits="1" condition-coverage="100% (1/1)">
              <conditions>
                <condition number="0" type="jump" coverage="100%"/>
              </conditions>
            </line>
            <line number="32" branch="false" hits="1"/>
            <line number="33" branch="false" hits="1"/>
            <line number="34" branch="false" hits="1"/>
            <line number="35" branch="false" hits="1"/>
            <line number="36" branch="false" hits="1"/>
            <line number="41" branch="true" hits="1" condition-coverage="100% (1/1)">
              <conditions>
                <condition number="0" type="jump" coverage="100%"/>
              </conditions>
            </line>
            <line number="42" branch="true" hits="0" condition-coverage="0% (0/1)">
              <conditions>
                <condition number="0" type="jump" coverage="0%"/>
              </conditions>
            </line>
            <line number="43" branch="false" hits="0"/>
            <line number="44" branch="true" hits="1" condition-coverage="100% (1/1)">
              <conditions>
                <condition number="0" type="jump" coverage="100%"/>
              </conditions>
            </line>
            <line number="45" branch="false" hits="1"/>
            <line number="46" branch="false" hits="1"/>
          </lines>
        </class>
        <class name="UIViewController+Ext" filename="ListPublicGists/Application/Extensions/UIViewController+Ext.swift" line-rate="0.0000000000000000" branch-rate="0.0000000000000000" complexity="0.0">
          <methods/>
          <lines>
            <line number="11" branch="true" hits="0" condition-coverage="0% (0/1)">
              <conditions>
                <condition number="0" type="jump" coverage="0%"/>
              </conditions>
            </line>
            <line number="12" branch="false" hits="0"/>
            <line number="13" branch="false" hits="0"/>
          </lines>
        </class>
      </classes>
    </package>
    <package name="ListPublicGists.Application.GistDetails" line-rate="0.9032258064516129" branch-rate="0.7000000000000000" complexity="0.0">
      <classes>
        <class name="GistDetailsCoordinator" filename="ListPublicGists/Application/GistDetails/GistDetailsCoordinator.swift" line-rate="1.0000000000000000" branch-rate="1.0000000000000000" complexity="0.0">
          <methods/>
          <lines>
            <line number="17" branch="true" hits="2" condition-coverage="100% (1/1)">
              <conditions>
                <condition number="0" type="jump" coverage="100%"/>
              </conditions>
            </line>
            <line number="18" branch="false" hits="2"/>
            <line number="19" branch="false" hits="2"/>
            <line number="22" branch="true" hits="2" condition-coverage="100% (1/1)">
              <conditions>
                <condition number="0" type="jump" coverage="100%"/>
              </conditions>
            </line>
            <line number="23" branch="false" hits="2"/>
            <line number="24" branch="false" hits="2"/>
            <line number="25" branch="false" hits="2"/>
            <line number="26" branch="false" hits="2"/>
            <line number="29" branch="true" hits="2" condition-coverage="100% (1/1)">
              <conditions>
                <condition number="0" type="jump" coverage="100%"/>
              </conditions>
            </line>
            <line number="30" branch="false" hits="2"/>
            <line number="31" branch="false" hits="2"/>
          </lines>
        </class>
        <class name="GistDetailsViewController" filename="ListPublicGists/Application/GistDetails/GistDetailsViewController.swift" line-rate="0.8500000000000000" branch-rate="0.5714285714285714" complexity="0.0">
          <methods/>
          <lines>
            <line number="13" branch="true" hits="1" condition-coverage="100% (1/1)">
              <conditions>
                <condition number="0" type="jump" coverage="100%"/>
              </conditions>
            </line>
            <line number="14" branch="false" hits="1"/>
            <line number="15" branch="false" hits="1"/>
            <line number="16" branch="false" hits="1"/>
            <line number="17" branch="false" hits="1"/>
            <line number="19" branch="true" hits="3" condition-coverage="100% (1/1)">
              <conditions>
                <condition number="0" type="jump" coverage="100%"/>
              </conditions>
            </line>
            <line number="20" branch="false" hits="3"/>
            <line number="21" branch="false" hits="3"/>
            <line number="22" branch="false" hits="3"/>
            <line number="24" branch="true" hits="0" condition-coverage="0% (0/1)">
              <conditions>
                <condition number="0" type="jump" coverage="0%"/>
              </conditions>
            </line>
            <line number="25" branch="true" hits="0" condition-coverage="0% (0/2)">
              <conditions>
                <condition number="0" type="jump" coverage="0%"/>
              </conditions>
            </line>
            <line number="26" branch="false" hits="0"/>
            <line number="28" branch="true" hits="1" condition-coverage="100% (1/1)">
              <conditions>
                <condition number="0" type="jump" coverage="100%"/>
              </conditions>
            </line>
            <line number="29" branch="false" hits="1"/>
            <line number="30" branch="false" hits="1"/>
            <line number="31" branch="false" hits="1"/>
            <line number="33" branch="true" hits="1" condition-coverage="100% (1/1)">
              <conditions>
                <condition number="0" type="jump" coverage="100%"/>
              </conditions>
            </line>
            <line number="34" branch="false" hits="1"/>
            <line number="35" branch="false" hits="1"/>
            <line number="36" branch="false" hits="1"/>
          </lines>
        </class>
      </classes>
    </package>
    <package name="ListPublicGists.Application.GistDetails.View.GistDetailsHeaderView" line-rate="0.9285714285714286" branch-rate="0.8333333333333334" complexity="0.0">
      <classes>
        <class name="GistDetailsHeaderView" filename="ListPublicGists/Application/GistDetails/View/GistDetailsHeaderView/GistDetailsHeaderView.swift" line-rate="0.9285714285714286" branch-rate="0.8333333333333334" complexity="0.0">
          <methods/>
          <lines>
            <line number="20" branch="true" hits="1" condition-coverage="100% (1/1)">
              <conditions>
                <condition number="0" type="jump" coverage="100%"/>
              </conditions>
            </line>
            <line number="21" branch="false" hits="1"/>
            <line number="22" branch="false" hits="1"/>
            <line number="23" branch="false" hits="1"/>
            <line number="25" branch="true" hits="1" condition-coverage="100% (1/1)">
              <conditions>
                <condition number="0" type="jump" coverage="100%"/>
              </conditions>
            </line>
            <line number="26" branch="false" hits="1"/>
            <line number="27" branch="false" hits="1"/>
            <line number="28" branch="true" hits="1" condition-coverage="100% (1/1)">
              <conditions>
                <condition number="0" type="jump" coverage="100%"/>
              </conditions>
            </line>
            <line number="29" branch="false" hits="1"/>
            <line number="30" branch="false" hits="1"/>
            <line number="31" branch="false" hits="1"/>
            <line number="32" branch="false" hits="1"/>
            <line number="33" branch="false" hits="1"/>
            <line number="34" branch="false" hits="1"/>
            <line number="35" branch="true" hits="1" condition-coverage="100% (1/1)">
              <conditions>
                <condition number="0" type="jump" coverage="100%"/>
              </conditions>
            </line>
            <line number="36" branch="true" hits="0" condition-coverage="0% (0/1)">
              <conditions>
                <condition number="0" type="jump" coverage="0%"/>
              </conditions>
            </line>
            <line number="37" branch="false" hits="0"/>
            <line number="38" branch="true" hits="1" condition-coverage="100% (1/1)">
              <conditions>
                <condition number="0" type="jump" coverage="100%"/>
              </conditions>
            </line>
            <line number="39" branch="false" hits="1"/>
            <line number="40" branch="false" hits="1"/>
            <line number="41" branch="false" hits="1"/>
            <line number="42" branch="false" hits="1"/>
            <line number="43" branch="false" hits="1"/>
            <line number="44" branch="false" hits="1"/>
            <line number="45" branch="false" hits="1"/>
            <line number="46" branch="false" hits="1"/>
            <line number="47" branch="false" hits="1"/>
            <line number="48" branch="false" hits="1"/>
          </lines>
        </class>
      </classes>
    </package>
    <package name="ListPublicGists.Application.GistDetails.View.GistDetailsView" line-rate="0.6333333333333333" branch-rate="0.5454545454545454" complexity="0.0">
      <classes>
        <class name="GistDetailsView" filename="ListPublicGists/Application/GistDetails/View/GistDetailsView/GistDetailsView.swift" line-rate="0.6333333333333333" branch-rate="0.5454545454545454" complexity="0.0">
          <methods/>
          <lines>
            <line number="20" branch="true" hits="1" condition-coverage="100% (1/1)">
              <conditions>
                <condition number="0" type="jump" coverage="100%"/>
              </conditions>
            </line>
            <line number="21" branch="false" hits="1"/>
            <line number="22" branch="false" hits="1"/>
            <line number="23" branch="false" hits="1"/>
            <line number="24" branch="false" hits="1"/>
            <line number="26" branch="true" hits="0" condition-coverage="0% (0/1)">
              <conditions>
                <condition number="0" type="jump" coverage="0%"/>
              </conditions>
            </line>
            <line number="27" branch="true" hits="0" condition-coverage="0% (0/2)">
              <conditions>
                <condition number="0" type="jump" coverage="0%"/>
              </conditions>
            </line>
            <line number="28" branch="false" hits="0"/>
            <line number="30" branch="true" hits="1" condition-coverage="100% (1/1)">
              <conditions>
                <condition number="0" type="jump" coverage="100%"/>
              </conditions>
            </line>
            <line number="31" branch="false" hits="1"/>
            <line number="32" branch="false" hits="1"/>
            <line number="33" branch="false" hits="1"/>
            <line number="34" branch="false" hits="1"/>
            <line number="37" branch="true" hits="1" condition-coverage="100% (1/1)">
              <conditions>
                <condition number="0" type="jump" coverage="100%"/>
              </conditions>
            </line>
            <line number="38" branch="false" hits="1"/>
            <line number="39" branch="false" hits="1"/>
            <line number="40" branch="false" hits="1"/>
            <line number="41" branch="false" hits="1"/>
            <line number="42" branch="false" hits="1"/>
            <line number="47" branch="true" hits="2" condition-coverage="100% (1/1)">
              <conditions>
                <condition number="0" type="jump" coverage="100%"/>
              </conditions>
            </line>
            <line number="48" branch="true" hits="1" condition-coverage="100% (2/2)">
              <conditions>
                <condition number="0" type="jump" coverage="100%"/>
              </conditions>
            </line>
            <line number="49" branch="false" hits="2"/>
            <line number="51" branch="true" hits="0" condition-coverage="0% (0/1)">
              <conditions>
                <condition number="0" type="jump" coverage="0%"/>
              </conditions>
            </line>
            <line number="52" branch="false" hits="0"/>
            <line number="53" branch="false" hits="0"/>
            <line number="54" branch="false" hits="0"/>
            <line number="55" branch="false" hits="0"/>
            <line number="59" branch="true" hits="0" condition-coverage="0% (0/1)">
              <conditions>
                <condition number="0" type="jump" coverage="0%"/>
              </conditions>
            </line>
            <line number="60" branch="false" hits="0"/>
            <line number="61" branch="false" hits="0"/>
          </lines>
        </class>
      </classes>
    </package>
    <package name="ListPublicGists.Application.GistDetails.View.GistFileViewCell" line-rate="0.0000000000000000" branch-rate="0.0000000000000000" complexity="0.0">
      <classes>
        <class name="GistFileViewCell" filename="ListPublicGists/Application/GistDetails/View/GistFileViewCell/GistFileViewCell.swift" line-rate="0.0000000000000000" branch-rate="0.0000000000000000" complexity="0.0">
          <methods/>
          <lines>
            <line number="21" branch="true" hits="0" condition-coverage="0% (0/1)">
              <conditions>
                <condition number="0" type="jump" coverage="0%"/>
              </conditions>
            </line>
            <line number="22" branch="false" hits="0"/>
            <line number="23" branch="false" hits="0"/>
            <line number="24" branch="false" hits="0"/>
            <line number="27" branch="true" hits="0" condition-coverage="0% (0/1)">
              <conditions>
                <condition number="0" type="jump" coverage="0%"/>
              </conditions>
            </line>
            <line number="28" branch="false" hits="0"/>
            <line number="29" branch="false" hits="0"/>
            <line number="30" branch="false" hits="0"/>
            <line number="31" branch="false" hits="0"/>
            <line number="33" branch="true" hits="0" condition-coverage="0% (0/1)">
              <conditions>
                <condition number="0" type="jump" coverage="0%"/>
              </conditions>
            </line>
            <line number="34" branch="false" hits="0"/>
            <line number="35" branch="false" hits="0"/>
            <line number="36" branch="false" hits="0"/>
            <line number="37" branch="false" hits="0"/>
            <line number="38" branch="false" hits="0"/>
            <line number="39" branch="false" hits="0"/>
            <line number="40" branch="false" hits="0"/>
            <line number="41" branch="false" hits="0"/>
            <line number="44" branch="true" hits="0" condition-coverage="0% (0/1)">
              <conditions>
                <condition number="0" type="jump" coverage="0%"/>
              </conditions>
            </line>
            <line number="45" branch="false" hits="0"/>
            <line number="46" branch="false" hits="0"/>
            <line number="47" branch="false" hits="0"/>
            <line number="48" branch="false" hits="0"/>
          </lines>
        </class>
      </classes>
    </package>
    <package name="ListPublicGists.Application.GistDetails.ViewModel" line-rate="1.0000000000000000" branch-rate="1.0000000000000000" complexity="0.0">
      <classes>
        <class name="GistDetailsViewModel" filename="ListPublicGists/Application/GistDetails/ViewModel/GistDetailsViewModel.swift" line-rate="1.0000000000000000" branch-rate="1.0000000000000000" complexity="0.0">
          <methods/>
          <lines>
            <line number="14" branch="true" hits="2" condition-coverage="100% (1/1)">
              <conditions>
                <condition number="0" type="jump" coverage="100%"/>
              </conditions>
            </line>
            <line number="15" branch="false" hits="2"/>
            <line number="16" branch="false" hits="2"/>
          </lines>
        </class>
      </classes>
    </package>
    <package name="ListPublicGists.Application.GistsList" line-rate="0.8135593220338984" branch-rate="0.6818181818181818" complexity="0.0">
      <classes>
        <class name="GistsListCoordinator" filename="ListPublicGists/Application/GistsList/GistsListCoordinator.swift" line-rate="0.8636363636363636" branch-rate="0.8571428571428571" complexity="0.0">
          <methods/>
          <lines>
            <line number="17" branch="true" hits="2" condition-coverage="100% (1/1)">
              <conditions>
                <condition number="0" type="jump" coverage="100%"/>
              </conditions>
            </line>
            <line number="18" branch="false" hits="2"/>
            <line number="19" branch="false" hits="2"/>
            <line number="23" branch="true" hits="3" condition-coverage="100% (1/1)">
              <conditions>
                <condition number="0" type="jump" coverage="100%"/>
              </conditions>
            </line>
            <line number="24" branch="false" hits="3"/>
            <line number="25" branch="false" hits="3"/>
            <line number="26" branch="false" hits="3"/>
            <line number="27" branch="false" hits="3"/>
            <line number="28" branch="false" hits="3"/>
            <line number="32" branch="true" hits="2" condition-coverage="100% (1/1)">
              <conditions>
                <condition number="0" type="jump" coverage="100%"/>
              </conditions>
            </line>
            <line number="33" branch="false" hits="2"/>
            <line number="34" branch="false" hits="2"/>
            <line number="37" branch="true" hits="1" condition-coverage="100% (1/1)">
              <conditions>
                <condition number="0" type="jump" coverage="100%"/>
              </conditions>
            </line>
            <line number="38" branch="false" hits="1"/>
            <line number="39" branch="false" hits="1"/>
            <line number="40" branch="true" hits="0" condition-coverage="0% (0/1)">
              <conditions>
                <condition number="0" type="jump" coverage="0%"/>
              </conditions>
            </line>
            <line number="41" branch="false" hits="0"/>
            <line number="42" branch="true" hits="0" condition-coverage="100% (1/1)">
              <conditions>
                <condition number="0" type="jump" coverage="100%"/>
              </conditions>
            </line>
            <line number="43" branch="false" hits="1"/>
            <line number="49" branch="true" hits="1" condition-coverage="100% (1/1)">
              <conditions>
                <condition number="0" type="jump" coverage="100%"/>
              </conditions>
            </line>
            <line number="50" branch="false" hits="1"/>
            <line number="51" branch="false" hits="1"/>
          </lines>
        </class>
        <class name="GistsListViewController" filename="ListPublicGists/Application/GistsList/GistsListViewController.swift" line-rate="0.7837837837837838" branch-rate="0.6000000000000000" complexity="0.0">
          <methods/>
          <lines>
            <line number="14" branch="true" hits="7" condition-coverage="100% (1/1)">
              <conditions>
                <condition number="0" type="jump" coverage="100%"/>
              </conditions>
            </line>
            <line number="17" branch="true" hits="7" condition-coverage="100% (1/1)">
              <conditions>
                <condition number="0" type="jump" coverage="100%"/>
              </conditions>
            </line>
            <line number="18" branch="false" hits="7"/>
            <line number="19" branch="false" hits="7"/>
            <line number="20" branch="false" hits="7"/>
            <line number="22" branch="true" hits="0" condition-coverage="0% (0/1)">
              <conditions>
                <condition number="0" type="jump" coverage="0%"/>
              </conditions>
            </line>
            <line number="23" branch="true" hits="0" condition-coverage="0% (0/2)">
              <conditions>
                <condition number="0" type="jump" coverage="0%"/>
              </conditions>
            </line>
            <line number="24" branch="false" hits="0"/>
            <line number="27" branch="true" hits="5" condition-coverage="100% (1/1)">
              <conditions>
                <condition number="0" type="jump" coverage="100%"/>
              </conditions>
            </line>
            <line number="28" branch="false" hits="5"/>
            <line number="29" branch="false" hits="5"/>
            <line number="30" branch="false" hits="5"/>
            <line number="32" branch="true" hits="5" condition-coverage="100% (1/1)">
              <conditions>
                <condition number="0" type="jump" coverage="100%"/>
              </conditions>
            </line>
            <line number="33" branch="false" hits="5"/>
            <line number="34" branch="false" hits="5"/>
            <line number="35" branch="false" hits="5"/>
            <line number="36" branch="false" hits="5"/>
            <line number="37" branch="false" hits="5"/>
            <line number="38" branch="true" hits="0" condition-coverage="0% (0/1)">
              <conditions>
                <condition number="0" type="jump" coverage="0%"/>
              </conditions>
            </line>
            <line number="39" branch="true" hits="0" condition-coverage="0% (0/1)">
              <conditions>
                <condition number="0" type="jump" coverage="0%"/>
              </conditions>
            </line>
            <line number="40" branch="false" hits="0"/>
            <line number="41" branch="true" hits="0" condition-coverage="0% (0/1)">
              <conditions>
                <condition number="0" type="jump" coverage="0%"/>
              </conditions>
            </line>
            <line number="42" branch="true" hits="0" condition-coverage="100% (1/1)">
              <conditions>
                <condition number="0" type="jump" coverage="100%"/>
              </conditions>
            </line>
            <line number="43" branch="false" hits="5"/>
            <line number="44" branch="false" hits="5"/>
            <line number="46" branch="true" hits="5" condition-coverage="100% (1/1)">
              <conditions>
                <condition number="0" type="jump" coverage="100%"/>
              </conditions>
            </line>
            <line number="47" branch="false" hits="5"/>
            <line number="48" branch="false" hits="5"/>
            <line number="53" branch="true" hits="1" condition-coverage="100% (1/1)">
              <conditions>
                <condition number="0" type="jump" coverage="100%"/>
              </conditions>
            </line>
            <line number="54" branch="false" hits="1"/>
            <line number="55" branch="false" hits="1"/>
            <line number="57" branch="true" hits="1" condition-coverage="100% (1/1)">
              <conditions>
                <condition number="0" type="jump" coverage="100%"/>
              </conditions>
            </line>
            <line number="58" branch="false" hits="1"/>
            <line number="59" branch="false" hits="1"/>
            <line number="61" branch="true" hits="1" condition-coverage="100% (1/1)">
              <conditions>
                <condition number="0" type="jump" coverage="100%"/>
              </conditions>
            </line>
            <line number="62" branch="false" hits="1"/>
            <line number="63" branch="false" hits="1"/>
          </lines>
        </class>
      </classes>
    </package>
    <package name="ListPublicGists.Application.GistsList.Model" line-rate="0.6666666666666666" branch-rate="0.6666666666666666" complexity="0.0">
      <classes>
        <class name="Gist" filename="ListPublicGists/Application/GistsList/Model/Gist.swift" line-rate="0.6666666666666666" branch-rate="0.6666666666666666" complexity="0.0">
          <methods/>
          <lines>
            <line number="17" branch="true" hits="5" condition-coverage="100% (1/1)">
              <conditions>
                <condition number="0" type="jump" coverage="100%"/>
              </conditions>
            </line>
            <line number="18" branch="true" hits="0" condition-coverage="50% (1/2)">
              <conditions>
                <condition number="0" type="jump" coverage="50%"/>
              </conditions>
            </line>
            <line number="19" branch="false" hits="5"/>
          </lines>
        </class>
      </classes>
    </package>
    <package name="ListPublicGists.Application.GistsList.Network" line-rate="0.9000000000000000" branch-rate="0.9090909090909091" complexity="0.0">
      <classes>
        <class name="GistsListRepository" filename="ListPublicGists/Application/GistsList/Network/GistsListRepository.swift" line-rate="1.0000000000000000" branch-rate="1.0000000000000000" complexity="0.0">
          <methods/>
          <lines>
            <line number="13" branch="true" hits="7" condition-coverage="100% (1/1)">
              <conditions>
                <condition number="0" type="jump" coverage="100%"/>
              </conditions>
            </line>
            <line number="14" branch="false" hits="7"/>
            <line number="15" branch="false" hits="7"/>
            <line number="21" branch="true" hits="3" condition-coverage="100% (1/1)">
              <conditions>
                <condition number="0" type="jump" coverage="100%"/>
              </conditions>
            </line>
            <line number="22" branch="false" hits="3"/>
            <line number="23" branch="false" hits="3"/>
            <line number="24" branch="false" hits="3"/>
            <line number="25" branch="false" hits="3"/>
          </lines>
        </class>
        <class name="ListGistsServiceTarget" filename="ListPublicGists/Application/GistsList/Network/ListGistsServiceTarget.swift" line-rate="0.8636363636363636" branch-rate="0.8888888888888888" complexity="0.0">
          <methods/>
          <lines>
            <line number="15" branch="true" hits="3" condition-coverage="100% (1/1)">
              <conditions>
                <condition number="0" type="jump" coverage="100%"/>
              </conditions>
            </line>
            <line number="16" branch="false" hits="3"/>
            <line number="17" branch="false" hits="3"/>
            <line number="19" branch="true" hits="0" condition-coverage="0% (0/1)">
              <conditions>
                <condition number="0" type="jump" coverage="0%"/>
              </conditions>
            </line>
            <line number="20" branch="false" hits="0"/>
            <line number="21" branch="false" hits="0"/>
            <line number="23" branch="true" hits="3" condition-coverage="100% (1/1)">
              <conditions>
                <condition number="0" type="jump" coverage="100%"/>
              </conditions>
            </line>
            <line number="24" branch="false" hits="3"/>
            <line number="25" branch="false" hits="3"/>
            <line number="27" branch="true" hits="3" condition-coverage="100% (1/1)">
              <conditions>
                <condition number="0" type="jump" coverage="100%"/>
              </conditions>
            </line>
            <line number="28" branch="false" hits="3"/>
            <line number="29" branch="false" hits="3"/>
            <line number="30" branch="true" hits="3" condition-coverage="100% (1/1)">
              <conditions>
                <condition number="0" type="jump" coverage="100%"/>
              </conditions>
            </line>
            <line number="31" branch="false" hits="3"/>
            <line number="32" branch="true" hits="3" condition-coverage="100% (1/1)">
              <conditions>
                <condition number="0" type="jump" coverage="100%"/>
              </conditions>
            </line>
            <line number="33" branch="true" hits="3" condition-coverage="100% (1/1)">
              <conditions>
                <condition number="0" type="jump" coverage="100%"/>
              </conditions>
            </line>
            <line number="34" branch="false" hits="3"/>
            <line number="35" branch="true" hits="3" condition-coverage="100% (1/1)">
              <conditions>
                <condition number="0" type="jump" coverage="100%"/>
              </conditions>
            </line>
            <line number="36" branch="false" hits="3"/>
            <line number="40" branch="true" hits="6" condition-coverage="100% (1/1)">
              <conditions>
                <condition number="0" type="jump" coverage="100%"/>
              </conditions>
            </line>
            <line number="41" branch="false" hits="6"/>
            <line number="42" branch="false" hits="6"/>
          </lines>
        </class>
      </classes>
    </package>
    <package name="ListPublicGists.Application.GistsList.View.GistListView" line-rate="0.7142857142857143" branch-rate="0.6315789473684210" complexity="0.0">
      <classes>
        <class name="GistsListView" filename="ListPublicGists/Application/GistsList/View/GistListView/GistsListView.swift" line-rate="0.7142857142857143" branch-rate="0.6315789473684210" complexity="0.0">
          <methods/>
          <lines>
            <line number="21" branch="true" hits="13" condition-coverage="100% (1/1)">
              <conditions>
                <condition number="0" type="jump" coverage="100%"/>
              </conditions>
            </line>
            <line number="25" branch="true" hits="13" condition-coverage="100% (1/1)">
              <conditions>
                <condition number="0" type="jump" coverage="100%"/>
              </conditions>
            </line>
            <line number="26" branch="false" hits="13"/>
            <line number="27" branch="false" hits="13"/>
            <line number="28" branch="false" hits="13"/>
            <line number="29" branch="false" hits="13"/>
            <line number="31" branch="true" hits="0" condition-coverage="0% (0/1)">
              <conditions>
                <condition number="0" type="jump" coverage="0%"/>
              </conditions>
            </line>
            <line number="32" branch="true" hits="0" condition-coverage="0% (0/2)">
              <conditions>
                <condition number="0" type="jump" coverage="0%"/>
              </conditions>
            </line>
            <line number="33" branch="false" hits="0"/>
            <line number="35" branch="true" hits="3" condition-coverage="100% (1/1)">
              <conditions>
                <condition number="0" type="jump" coverage="100%"/>
              </conditions>
            </line>
            <line number="36" branch="false" hits="3"/>
            <line number="37" branch="false" hits="3"/>
            <line number="38" branch="false" hits="3"/>
            <line number="39" branch="false" hits="3"/>
            <line number="40" branch="true" hits="0" condition-coverage="0% (0/1)">
              <conditions>
                <condition number="0" type="jump" coverage="0%"/>
              </conditions>
            </line>
            <line number="41" branch="true" hits="0" condition-coverage="0% (0/3)">
              <conditions>
                <condition number="0" type="jump" coverage="0%"/>
              </conditions>
            </line>
            <line number="42" branch="false" hits="0"/>
            <line number="43" branch="true" hits="0" condition-coverage="0% (0/2)">
              <conditions>
                <condition number="0" type="jump" coverage="0%"/>
              </conditions>
            </line>
            <line number="44" branch="false" hits="0"/>
            <line number="45" branch="true" hits="3" condition-coverage="100% (1/1)">
              <conditions>
                <condition number="0" type="jump" coverage="100%"/>
              </conditions>
            </line>
            <line number="46" branch="true" hits="2" condition-coverage="100% (1/1)">
              <conditions>
                <condition number="0" type="jump" coverage="100%"/>
              </conditions>
            </line>
            <line number="47" branch="false" hits="2"/>
            <line number="48" branch="false" hits="2"/>
            <line number="49" branch="true" hits="2" condition-coverage="100% (1/1)">
              <conditions>
                <condition number="0" type="jump" coverage="100%"/>
              </conditions>
            </line>
            <line number="50" branch="true" hits="1" condition-coverage="100% (1/1)">
              <conditions>
                <condition number="0" type="jump" coverage="100%"/>
              </conditions>
            </line>
            <line number="51" branch="true" hits="1" condition-coverage="100% (1/1)">
              <conditions>
                <condition number="0" type="jump" coverage="100%"/>
              </conditions>
            </line>
            <line number="52" branch="true" hits="1" condition-coverage="50% (1/2)">
              <conditions>
                <condition number="0" type="jump" coverage="50%"/>
              </conditions>
            </line>
            <line number="53" branch="false" hits="1"/>
            <line number="54" branch="true" hits="1" condition-coverage="100% (1/1)">
              <conditions>
                <condition number="0" type="jump" coverage="100%"/>
              </conditions>
            </line>
            <line number="55" branch="true" hits="0" condition-coverage="0% (0/1)">
              <conditions>
                <condition number="0" type="jump" coverage="0%"/>
              </conditions>
            </line>
            <line number="56" branch="true" hits="0" condition-coverage="100% (1/1)">
              <conditions>
                <condition number="0" type="jump" coverage="100%"/>
              </conditions>
            </line>
            <line number="57" branch="true" hits="3" condition-coverage="100% (1/1)">
              <conditions>
                <condition number="0" type="jump" coverage="100%"/>
              </conditions>
            </line>
            <line number="58" branch="false" hits="3"/>
            <line number="61" branch="true" hits="13" condition-coverage="100% (1/1)">
              <conditions>
                <condition number="0" type="jump" coverage="100%"/>
              </conditions>
            </line>
            <line number="62" branch="false" hits="13"/>
            <line number="63" branch="false" hits="13"/>
            <line number="64" branch="false" hits="13"/>
            <line number="65" branch="false" hits="13"/>
            <line number="66" branch="false" hits="13"/>
            <line number="67" branch="false" hits="13"/>
            <line number="68" branch="false" hits="13"/>
            <line number="73" branch="true" hits="15" condition-coverage="100% (1/1)">
              <conditions>
                <condition number="0" type="jump" coverage="100%"/>
              </conditions>
            </line>
            <line number="74" branch="true" hits="13" condition-coverage="100% (4/4)">
              <conditions>
                <condition number="0" type="jump" coverage="100%"/>
              </conditions>
            </line>
            <line number="75" branch="false" hits="15"/>
            <line number="77" branch="true" hits="2" condition-coverage="100% (1/1)">
              <conditions>
                <condition number="0" type="jump" coverage="100%"/>
              </conditions>
            </line>
            <line number="78" branch="false" hits="2"/>
            <line number="79" branch="false" hits="2"/>
            <line number="81" branch="true" hits="0" condition-coverage="0% (0/1)">
              <conditions>
                <condition number="0" type="jump" coverage="0%"/>
              </conditions>
            </line>
            <line number="82" branch="false" hits="0"/>
            <line number="83" branch="false" hits="0"/>
            <line number="84" branch="false" hits="0"/>
            <line number="85" branch="false" hits="0"/>
            <line number="86" branch="false" hits="0"/>
            <line number="92" branch="true" hits="1" condition-coverage="100% (1/1)">
              <conditions>
                <condition number="0" type="jump" coverage="100%"/>
              </conditions>
            </line>
            <line number="93" branch="false" hits="1"/>
            <line number="94" branch="false" hits="1"/>
            <line number="95" branch="false" hits="1"/>
            <line number="97" branch="true" hits="0" condition-coverage="0% (0/1)">
              <conditions>
                <condition number="0" type="jump" coverage="0%"/>
              </conditions>
            </line>
            <line number="98" branch="false" hits="0"/>
            <line number="99" branch="false" hits="0"/>
            <line number="104" branch="true" hits="1" condition-coverage="100% (1/1)">
              <conditions>
                <condition number="0" type="jump" coverage="100%"/>
              </conditions>
            </line>
            <line number="105" branch="false" hits="1"/>
            <line number="106" branch="false" hits="1"/>
            <line number="107" branch="false" hits="1"/>
            <line number="108" branch="true" hits="1" condition-coverage="66% (2/3)">
              <conditions>
                <condition number="0" type="jump" coverage="66%"/>
              </conditions>
            </line>
            <line number="109" branch="false" hits="0"/>
            <line number="110" branch="true" hits="1" condition-coverage="100% (1/1)">
              <conditions>
                <condition number="0" type="jump" coverage="100%"/>
              </conditions>
            </line>
            <line number="111" branch="false" hits="1"/>
            <line number="112" branch="false" hits="1"/>
            <line number="113" branch="false" hits="1"/>
          </lines>
        </class>
      </classes>
    </package>
    <package name="ListPublicGists.Application.GistsList.View.OwnerViewCell" line-rate="0.0000000000000000" branch-rate="0.0000000000000000" complexity="0.0">
      <classes>
        <class name="OwnerViewCell" filename="ListPublicGists/Application/GistsList/View/OwnerViewCell/OwnerViewCell.swift" line-rate="0.0000000000000000" branch-rate="0.0000000000000000" complexity="0.0">
          <methods/>
          <lines>
            <line number="17" branch="true" hits="0" condition-coverage="0% (0/1)">
              <conditions>
                <condition number="0" type="jump" coverage="0%"/>
              </conditions>
            </line>
            <line number="18" branch="false" hits="0"/>
            <line number="19" branch="false" hits="0"/>
            <line number="20" branch="true" hits="0" condition-coverage="0% (0/1)">
              <conditions>
                <condition number="0" type="jump" coverage="0%"/>
              </conditions>
            </line>
            <line number="21" branch="false" hits="0"/>
            <line number="22" branch="true" hits="0" condition-coverage="0% (0/1)">
              <conditions>
                <condition number="0" type="jump" coverage="0%"/>
              </conditions>
            </line>
            <line number="23" branch="false" hits="0"/>
            <line number="24" branch="false" hits="0"/>
            <line number="25" branch="false" hits="0"/>
            <line number="26" branch="false" hits="0"/>
            <line number="27" branch="false" hits="0"/>
            <line number="28" branch="false" hits="0"/>
            <line number="29" branch="false" hits="0"/>
            <line number="30" branch="false" hits="0"/>
            <line number="31" branch="false" hits="0"/>
            <line number="33" branch="true" hits="0" condition-coverage="0% (0/1)">
              <conditions>
                <condition number="0" type="jump" coverage="0%"/>
              </conditions>
            </line>
            <line number="34" branch="false" hits="0"/>
            <line number="35" branch="false" hits="0"/>
            <line number="36" branch="false" hits="0"/>
          </lines>
        </class>
      </classes>
    </package>
    <package name="ListPublicGists.Application.GistsList.ViewModel" line-rate="0.8500000000000000" branch-rate="0.9333333333333333" complexity="0.0">
      <classes>
        <class name="GistsListViewModel" filename="ListPublicGists/Application/GistsList/ViewModel/GistsListViewModel.swift" line-rate="0.8500000000000000" branch-rate="0.9333333333333333" complexity="0.0">
          <methods/>
          <lines>
            <line number="14" branch="true" hits="7" condition-coverage="100% (1/1)">
              <conditions>
                <condition number="0" type="jump" coverage="100%"/>
              </conditions>
            </line>
            <line number="22" branch="true" hits="7" condition-coverage="100% (1/1)">
              <conditions>
                <condition number="0" type="jump" coverage="100%"/>
              </conditions>
            </line>
            <line number="23" branch="false" hits="7"/>
            <line number="24" branch="false" hits="7"/>
            <line number="27" branch="true" hits="3" condition-coverage="100% (1/1)">
              <conditions>
                <condition number="0" type="jump" coverage="100%"/>
              </conditions>
            </line>
            <line number="28" branch="false" hits="3"/>
            <line number="29" branch="false" hits="3"/>
            <line number="30" branch="true" hits="3" condition-coverage="100% (1/1)">
              <conditions>
                <condition number="0" type="jump" coverage="100%"/>
              </conditions>
            </line>
            <line number="31" branch="false" hits="3"/>
            <line number="32" branch="true" hits="2" condition-coverage="100% (1/1)">
              <conditions>
                <condition number="0" type="jump" coverage="100%"/>
              </conditions>
            </line>
            <line number="33" branch="true" hits="1" condition-coverage="100% (4/4)">
              <conditions>
                <condition number="0" type="jump" coverage="100%"/>
              </conditions>
            </line>
            <line number="34" branch="true" hits="2" condition-coverage="100% (1/1)">
              <conditions>
                <condition number="0" type="jump" coverage="100%"/>
              </conditions>
            </line>
            <line number="35" branch="true" hits="1" condition-coverage="100% (1/1)">
              <conditions>
                <condition number="0" type="jump" coverage="100%"/>
              </conditions>
            </line>
            <line number="36" branch="true" hits="1" condition-coverage="100% (1/1)">
              <conditions>
                <condition number="0" type="jump" coverage="100%"/>
              </conditions>
            </line>
            <line number="37" branch="true" hits="3" condition-coverage="100% (1/1)">
              <conditions>
                <condition number="0" type="jump" coverage="100%"/>
              </conditions>
            </line>
            <line number="38" branch="true" hits="3" condition-coverage="100% (1/1)">
              <conditions>
                <condition number="0" type="jump" coverage="100%"/>
              </conditions>
            </line>
            <line number="39" branch="false" hits="3"/>
            <line number="41" branch="true" hits="0" condition-coverage="0% (0/1)">
              <conditions>
                <condition number="0" type="jump" coverage="0%"/>
              </conditions>
            </line>
            <line number="42" branch="false" hits="0"/>
            <line number="43" branch="false" hits="0"/>
          </lines>
        </class>
      </classes>
    </package>
    <package name="ListPublicGists.Application.Home" line-rate="0.8571428571428571" branch-rate="0.7333333333333333" complexity="0.0">
      <classes>
        <class name="HomeCoordinator" filename="ListPublicGists/Application/Home/HomeCoordinator.swift" line-rate="0.8571428571428571" branch-rate="0.8571428571428571" complexity="0.0">
          <methods/>
          <lines>
            <line number="17" branch="true" hits="2" condition-coverage="100% (1/1)">
              <conditions>
                <condition number="0" type="jump" coverage="100%"/>
              </conditions>
            </line>
            <line number="18" branch="false" hits="2"/>
            <line number="19" branch="false" hits="2"/>
            <line number="24" branch="true" hits="3" condition-coverage="100% (1/1)">
              <conditions>
                <condition number="0" type="jump" coverage="100%"/>
              </conditions>
            </line>
            <line number="25" branch="false" hits="3"/>
            <line number="26" branch="false" hits="3"/>
            <line number="27" branch="false" hits="3"/>
            <line number="28" branch="false" hits="3"/>
            <line number="29" branch="false" hits="3"/>
            <line number="32" branch="true" hits="2" condition-coverage="100% (1/1)">
              <conditions>
                <condition number="0" type="jump" coverage="100%"/>
              </conditions>
            </line>
            <line number="33" branch="false" hits="2"/>
            <line number="34" branch="false" hits="2"/>
            <line number="37" branch="true" hits="1" condition-coverage="100% (1/1)">
              <conditions>
                <condition number="0" type="jump" coverage="100%"/>
              </conditions>
            </line>
            <line number="38" branch="false" hits="1"/>
            <line number="39" branch="true" hits="0" condition-coverage="0% (0/1)">
              <conditions>
                <condition number="0" type="jump" coverage="0%"/>
              </conditions>
            </line>
            <line number="40" branch="false" hits="0"/>
            <line number="41" branch="true" hits="0" condition-coverage="100% (1/1)">
              <conditions>
                <condition number="0" type="jump" coverage="100%"/>
              </conditions>
            </line>
            <line number="42" branch="false" hits="1"/>
            <line number="47" branch="true" hits="1" condition-coverage="100% (1/1)">
              <conditions>
                <condition number="0" type="jump" coverage="100%"/>
              </conditions>
            </line>
            <line number="48" branch="false" hits="1"/>
            <line number="49" branch="false" hits="1"/>
          </lines>
        </class>
        <class name="HomeViewController" filename="ListPublicGists/Application/Home/HomeViewController.swift" line-rate="0.8571428571428571" branch-rate="0.6250000000000000" complexity="0.0">
          <methods/>
          <lines>
            <line number="14" branch="true" hits="5" condition-coverage="100% (1/1)">
              <conditions>
                <condition number="0" type="jump" coverage="100%"/>
              </conditions>
            </line>
            <line number="17" branch="true" hits="5" condition-coverage="100% (1/1)">
              <conditions>
                <condition number="0" type="jump" coverage="100%"/>
              </conditions>
            </line>
            <line number="18" branch="false" hits="5"/>
            <line number="19" branch="false" hits="5"/>
            <line number="20" branch="false" hits="5"/>
            <line number="22" branch="true" hits="0" condition-coverage="0% (0/1)">
              <conditions>
                <condition number="0" type="jump" coverage="0%"/>
              </conditions>
            </line>
            <line number="23" branch="true" hits="0" condition-coverage="0% (0/2)">
              <conditions>
                <condition number="0" type="jump" coverage="0%"/>
              </conditions>
            </line>
            <line number="24" branch="false" hits="0"/>
            <line number="27" branch="true" hits="4" condition-coverage="100% (1/1)">
              <conditions>
                <condition number="0" type="jump" coverage="100%"/>
              </conditions>
            </line>
            <line number="28" branch="false" hits="4"/>
            <line number="29" branch="false" hits="4"/>
            <line number="30" branch="false" hits="4"/>
            <line number="32" branch="true" hits="4" condition-coverage="100% (1/1)">
              <conditions>
                <condition number="0" type="jump" coverage="100%"/>
              </conditions>
            </line>
            <line number="33" branch="false" hits="4"/>
            <line number="34" branch="false" hits="4"/>
            <line number="35" branch="false" hits="4"/>
            <line number="36" branch="false" hits="4"/>
            <line number="37" branch="false" hits="4"/>
            <line number="42" branch="true" hits="1" condition-coverage="100% (1/1)">
              <conditions>
                <condition number="0" type="jump" coverage="100%"/>
              </conditions>
            </line>
            <line number="43" branch="false" hits="1"/>
            <line number="44" branch="false" hits="1"/>
          </lines>
        </class>
      </classes>
    </package>
    <package name="ListPublicGists.Application.Home.View" line-rate="0.8421052631578947" branch-rate="0.5000000000000000" complexity="0.0">
      <classes>
        <class name="HomeView" filename="ListPublicGists/Application/Home/View/HomeView.swift" line-rate="0.8421052631578947" branch-rate="0.5000000000000000" complexity="0.0">
          <methods/>
          <lines>
            <line number="22" branch="true" hits="8" condition-coverage="100% (1/1)">
              <conditions>
                <condition number="0" type="jump" coverage="100%"/>
              </conditions>
            </line>
            <line number="23" branch="false" hits="8"/>
            <line number="24" branch="false" hits="8"/>
            <line number="25" branch="false" hits="8"/>
            <line number="26" branch="false" hits="8"/>
            <line number="28" branch="true" hits="0" condition-coverage="0% (0/1)">
              <conditions>
                <condition number="0" type="jump" coverage="0%"/>
              </conditions>
            </line>
            <line number="29" branch="true" hits="0" condition-coverage="0% (0/2)">
              <conditions>
                <condition number="0" type="jump" coverage="0%"/>
              </conditions>
            </line>
            <line number="30" branch="false" hits="0"/>
            <line number="33" branch="true" hits="8" condition-coverage="100% (1/1)">
              <conditions>
                <condition number="0" type="jump" coverage="100%"/>
              </conditions>
            </line>
            <line number="34" branch="false" hits="8"/>
            <line number="35" branch="false" hits="8"/>
            <line number="36" branch="false" hits="8"/>
            <line number="37" branch="false" hits="8"/>
            <line number="38" branch="false" hits="8"/>
            <line number="39" branch="false" hits="8"/>
            <line number="40" branch="false" hits="8"/>
            <line number="43" branch="true" hits="1" condition-coverage="100% (1/1)">
              <conditions>
                <condition number="0" type="jump" coverage="100%"/>
              </conditions>
            </line>
            <line number="44" branch="false" hits="1"/>
            <line number="45" branch="false" hits="1"/>
          </lines>
        </class>
      </classes>
    </package>
    <package name="ListPublicGists.Application.Home.ViewModel" line-rate="1.0000000000000000" branch-rate="1.0000000000000000" complexity="0.0">
      <classes>
        <class name="HomeViewModel" filename="ListPublicGists/Application/Home/ViewModel/HomeViewModel.swift" line-rate="1.0000000000000000" branch-rate="1.0000000000000000" complexity="0.0">
          <methods/>
          <lines>
            <line number="16" branch="true" hits="1" condition-coverage="100% (1/1)">
              <conditions>
                <condition number="0" type="jump" coverage="100%"/>
              </conditions>
            </line>
            <line number="17" branch="false" hits="1"/>
            <line number="18" branch="false" hits="1"/>
          </lines>
        </class>
      </classes>
    </package>
[...]
              </conditions>
            </line>
            <line number="18" branch="false" hits="26"/>
            <line number="19" branch="false" hits="26"/>
            <line number="20" branch="false" hits="26"/>
            <line number="22" branch="true" hits="22" condition-coverage="100% (1/1)">
              <conditions>
                <condition number="0" type="jump" coverage="100%"/>
              </conditions>
            </line>
            <line number="23" branch="true" hits="22" condition-coverage="100% (1/1)">
              <conditions>
                <condition number="0" type="jump" coverage="100%"/>
              </conditions>
            </line>
            <line number="24" branch="false" hits="22"/>
            <line number="25" branch="false" hits="22"/>
            <line number="26" branch="false" hits="22"/>
            <line number="27" branch="true" hits="22" condition-coverage="100% (1/1)">
              <conditions>
                <condition number="0" type="jump" coverage="100%"/>
              </conditions>
            </line>
            <line number="28" branch="false" hits="22"/>
            <line number="29" branch="false" hits="22"/>
            <line number="30" branch="true" hits="5" condition-coverage="100% (1/1)">
              <conditions>
                <condition number="0" type="jump" coverage="100%"/>
              </conditions>
            </line>
            <line number="31" branch="false" hits="5"/>
            <line number="32" branch="true" hits="22" condition-coverage="100% (1/1)">
              <conditions>
                <condition number="0" type="jump" coverage="100%"/>
              </conditions>
            </line>
            <line number="33" branch="false" hits="22"/>
            <line number="34" branch="true" hits="9" condition-coverage="100% (1/1)">
              <conditions>
                <condition number="0" type="jump" coverage="100%"/>
              </conditions>
            </line>
            <line number="35" branch="false" hits="9"/>
            <line number="36" branch="true" hits="22" condition-coverage="100% (2/2)">
              <conditions>
                <condition number="0" type="jump" coverage="100%"/>
              </conditions>
            </line>
            <line number="37" branch="true" hits="1" condition-coverage="100% (1/1)">
              <conditions>
                <condition number="0" type="jump" coverage="100%"/>
              </conditions>
            </line>
            <line number="38" branch="false" hits="1"/>
            <line number="39" branch="false" hits="1"/>
            <line number="40" branch="true" hits="12" condition-coverage="100% (1/1)">
              <conditions>
                <condition number="0" type="jump" coverage="100%"/>
              </conditions>
            </line>
            <line number="41" branch="false" hits="12"/>
            <line number="42" branch="true" hits="12" condition-coverage="100% (1/1)">
              <conditions>
                <condition number="0" type="jump" coverage="100%"/>
              </conditions>
            </line>
            <line number="43" branch="false" hits="12"/>
            <line number="44" branch="false" hits="12"/>
            <line number="45" branch="false" hits="12"/>
            <line number="46" branch="false" hits="12"/>
            <line number="47" branch="false" hits="12"/>
            <line number="48" branch="false" hits="12"/>
            <line number="49" branch="true" hits="4" condition-coverage="100% (2/2)">
              <conditions>
                <condition number="0" type="jump" coverage="100%"/>
              </conditions>
            </line>
            <line number="50" branch="true" hits="4" condition-coverage="100% (1/1)">
              <conditions>
                <condition number="0" type="jump" coverage="100%"/>
              </conditions>
            </line>
            <line number="51" branch="false" hits="4"/>
            <line number="52" branch="true" hits="4" condition-coverage="100% (1/1)">
              <conditions>
                <condition number="0" type="jump" coverage="100%"/>
              </conditions>
            </line>
            <line number="53" branch="true" hits="12" condition-coverage="100% (1/1)">
              <conditions>
                <condition number="0" type="jump" coverage="100%"/>
              </conditions>
            </line>
            <line number="54" branch="true" hits="21" condition-coverage="100% (1/1)">
              <conditions>
                <condition number="0" type="jump" coverage="100%"/>
              </conditions>
            </line>
            <line number="55" branch="true" hits="21" condition-coverage="100% (1/1)">
              <conditions>
                <condition number="0" type="jump" coverage="100%"/>
              </conditions>
            </line>
            <line number="56" branch="false" hits="22"/>
            <line number="57" branch="false" hits="22"/>
            <line number="58" branch="true" hits="0" condition-coverage="0% (0/1)">
              <conditions>
                <condition number="0" type="jump" coverage="0%"/>
              </conditions>
            </line>
            <line number="59" branch="true" hits="0" condition-coverage="0% (0/1)">
              <conditions>
                <condition number="0" type="jump" coverage="0%"/>
              </conditions>
            </line>
            <line number="60" branch="false" hits="0"/>
            <line number="61" branch="false" hits="0"/>
            <line number="62" branch="true" hits="0" condition-coverage="0% (0/1)">
              <conditions>
                <condition number="0" type="jump" coverage="0%"/>
              </conditions>
            </line>
            <line number="63" branch="false" hits="0"/>
            <line number="64" branch="true" hits="22" condition-coverage="100% (1/1)">
              <conditions>
                <condition number="0" type="jump" coverage="100%"/>
              </conditions>
            </line>
            <line number="65" branch="false" hits="22"/>
            <line number="67" branch="true" hits="0" condition-coverage="0% (0/1)">
              <conditions>
                <condition number="0" type="jump" coverage="0%"/>
              </conditions>
            </line>
            <line number="68" branch="false" hits="0"/>
            <line number="69" branch="true" hits="0" condition-coverage="0% (0/1)">
              <conditions>
                <condition number="0" type="jump" coverage="0%"/>
              </conditions>
            </line>
            <line number="70" branch="false" hits="0"/>
            <line number="71" branch="true" hits="0" condition-coverage="0% (0/1)">
              <conditions>
                <condition number="0" type="jump" coverage="0%"/>
              </conditions>
            </line>
            <line number="72" branch="false" hits="0"/>
            <line number="73" branch="false" hits="0"/>
            <line number="78" branch="true" hits="22" condition-coverage="100% (1/1)">
              <conditions>
                <condition number="0" type="jump" coverage="100%"/>
              </conditions>
            </line>
            <line number="79" branch="false" hits="22"/>
            <line number="80" branch="true" hits="0" condition-coverage="50% (1/2)">
              <conditions>
                <condition number="0" type="jump" coverage="50%"/>
              </conditions>
            </line>
            <line number="81" branch="false" hits="22"/>
            <line number="82" branch="true" hits="3" condition-coverage="100% (1/1)">
              <conditions>
                <condition number="0" type="jump" coverage="100%"/>
              </conditions>
            </line>
            <line number="83" branch="true" hits="3" condition-coverage="100% (1/1)">
              <conditions>
                <condition number="0" type="jump" coverage="100%"/>
              </conditions>
            </line>
            <line number="84" branch="true" hits="0" condition-coverage="50% (1/2)">
              <conditions>
                <condition number="0" type="jump" coverage="50%"/>
              </conditions>
            </line>
            <line number="85" branch="true" hits="3" condition-coverage="100% (1/1)">
              <conditions>
                <condition number="0" type="jump" coverage="100%"/>
              </conditions>
            </line>
            <line number="86" branch="true" hits="22" condition-coverage="100% (1/1)">
              <conditions>
                <condition number="0" type="jump" coverage="100%"/>
              </conditions>
            </line>
            <line number="87" branch="false" hits="22"/>
            <line number="88" branch="true" hits="0" condition-coverage="50% (1/2)">
              <conditions>
                <condition number="0" type="jump" coverage="50%"/>
              </conditions>
            </line>
            <line number="89" branch="false" hits="22"/>
            <line number="90" branch="false" hits="22"/>
            <line number="91" branch="true" hits="15" condition-coverage="100% (1/1)">
              <conditions>
                <condition number="0" type="jump" coverage="100%"/>
              </conditions>
            </line>
            <line number="92" branch="true" hits="14" condition-coverage="100% (1/1)">
              <conditions>
                <condition number="0" type="jump" coverage="100%"/>
              </conditions>
            </line>
            <line number="93" branch="true" hits="14" condition-coverage="100% (1/1)">
              <conditions>
                <condition number="0" type="jump" coverage="100%"/>
              </conditions>
            </line>
            <line number="94" branch="true" hits="0" condition-coverage="50% (1/2)">
              <conditions>
                <condition number="0" type="jump" coverage="50%"/>
              </conditions>
            </line>
            <line number="95" branch="true" hits="14" condition-coverage="100% (1/1)">
              <conditions>
                <condition number="0" type="jump" coverage="100%"/>
              </conditions>
            </line>
            <line number="96" branch="true" hits="15" condition-coverage="100% (1/1)">
              <conditions>
                <condition number="0" type="jump" coverage="100%"/>
              </conditions>
            </line>
            <line number="97" branch="true" hits="22" condition-coverage="100% (1/1)">
              <conditions>
                <condition number="0" type="jump" coverage="100%"/>
              </conditions>
            </line>
            <line number="98" branch="false" hits="22"/>
            <line number="99" branch="false" hits="22"/>
            <line number="103" branch="true" hits="22" condition-coverage="100% (1/1)">
              <conditions>
                <condition number="0" type="jump" coverage="100%"/>
              </conditions>
            </line>
            <line number="104" branch="true" hits="0" condition-coverage="0% (0/1)">
              <conditions>
                <condition number="0" type="jump" coverage="0%"/>
              </conditions>
            </line>
            <line number="105" branch="false" hits="0"/>
            <line number="106" branch="true" hits="22" condition-coverage="100% (1/1)">
              <conditions>
                <condition number="0" type="jump" coverage="100%"/>
              </conditions>
            </line>
            <line number="107" branch="false" hits="22"/>
            <line number="108" branch="true" hits="0" condition-coverage="0% (0/1)">
              <conditions>
                <condition number="0" type="jump" coverage="0%"/>
              </conditions>
            </line>
            <line number="109" branch="false" hits="0"/>
            <line number="110" branch="true" hits="22" condition-coverage="100% (1/1)">
              <conditions>
                <condition number="0" type="jump" coverage="100%"/>
              </conditions>
            </line>
            <line number="111" branch="false" hits="22"/>
            <line number="112" branch="true" hits="6" condition-coverage="100% (2/2)">
              <conditions>
                <condition number="0" type="jump" coverage="100%"/>
              </conditions>
            </line>
            <line number="113" branch="false" hits="22"/>
            <line number="114" branch="true" hits="0" condition-coverage="0% (0/1)">
              <conditions>
                <condition number="0" type="jump" coverage="0%"/>
              </conditions>
            </line>
            <line number="115" branch="false" hits="0"/>
            <line number="116" branch="true" hits="22" condition-coverage="100% (1/1)">
              <conditions>
                <condition number="0" type="jump" coverage="100%"/>
              </conditions>
            </line>
            <line number="117" branch="false" hits="22"/>
            <line number="118" branch="false" hits="22"/>
            <line number="119" branch="false" hits="22"/>
          </lines>
        </class>
      </classes>
    </package>
    <package name="ListPublicGists.Network.Protocols" line-rate="0.0000000000000000" branch-rate="0.0000000000000000" complexity="0.0">
      <classes>
        <class name="URLSessionProtocol" filename="ListPublicGists/Network/Protocols/URLSessionProtocol.swift" line-rate="0.0000000000000000" branch-rate="0.0000000000000000" complexity="0.0">
          <methods/>
          <lines>
            <line number="16" branch="true" hits="0" condition-coverage="0% (0/1)">
              <conditions>
                <condition number="0" type="jump" coverage="0%"/>
              </conditions>
            </line>
            <line number="17" branch="false" hits="0"/>
            <line number="18" branch="false" hits="0"/>
          </lines>
        </class>
      </classes>
    </package>
    <package name="ListPublicGists.Suport Files" line-rate="0.5689655172413793" branch-rate="0.5000000000000000" complexity="0.0">
      <classes>
        <class name="AppDelegate" filename="ListPublicGists/Suport Files/AppDelegate.swift" line-rate="0.2857142857142857" branch-rate="0.3333333333333333" complexity="0.0">
          <methods/>
          <lines>
            <line number="15" branch="true" hits="1" condition-coverage="100% (1/1)">
              <conditions>
                <condition number="0" type="jump" coverage="100%"/>
              </conditions>
            </line>
            <line number="16" branch="false" hits="1"/>
            <line number="17" branch="false" hits="1"/>
            <line number="18" branch="false" hits="1"/>
            <line number="22" branch="true" hits="0" condition-coverage="0% (0/1)">
              <conditions>
                <condition number="0" type="jump" coverage="0%"/>
              </conditions>
            </line>
            <line number="23" branch="false" hits="0"/>
            <line number="24" branch="false" hits="0"/>
            <line number="25" branch="false" hits="0"/>
            <line number="26" branch="false" hits="0"/>
            <line number="28" branch="true" hits="0" condition-coverage="0% (0/1)">
              <conditions>
                <condition number="0" type="jump" coverage="0%"/>
              </conditions>
            </line>
            <line number="29" branch="false" hits="0"/>
            <line number="30" branch="false" hits="0"/>
            <line number="31" branch="false" hits="0"/>
            <line number="32" branch="false" hits="0"/>
          </lines>
        </class>
        <class name="SceneDelegate" filename="ListPublicGists/Suport Files/SceneDelegate.swift" line-rate="0.6590909090909091" branch-rate="0.5555555555555556" complexity="0.0">
          <methods/>
          <lines>
            <line number="16" branch="true" hits="1" condition-coverage="100% (1/1)">
              <conditions>
                <condition number="0" type="jump" coverage="100%"/>
              </conditions>
            </line>
            <line number="17" branch="false" hits="1"/>
            <line number="18" branch="false" hits="1"/>
            <line number="19" branch="false" hits="1"/>
            <line number="20" branch="false" hits="1"/>
            <line number="21" branch="false" hits="1"/>
            <line number="22" branch="false" hits="1"/>
            <line number="23" branch="false" hits="1"/>
            <line number="24" branch="false" hits="1"/>
            <line number="25" branch="false" hits="1"/>
            <line number="26" branch="false" hits="1"/>
            <line number="28" branch="true" hits="1" condition-coverage="100% (1/1)">
              <conditions>
                <condition number="0" type="jump" coverage="100%"/>
              </conditions>
            </line>
            <line number="29" branch="false" hits="1"/>
            <line number="30" branch="false" hits="1"/>
            <line number="31" branch="false" hits="1"/>
            <line number="32" branch="true" hits="1" condition-coverage="50% (1/2)">
              <conditions>
                <condition number="0" type="jump" coverage="50%"/>
              </conditions>
            </line>
            <line number="33" branch="false" hits="1"/>
            <line number="34" branch="false" hits="1"/>
            <line number="35" branch="false" hits="1"/>
            <line number="36" branch="false" hits="1"/>
            <line number="37" branch="false" hits="1"/>
            <line number="39" branch="true" hits="0" condition-coverage="0% (0/1)">
              <conditions>
                <condition number="0" type="jump" coverage="0%"/>
              </conditions>
            </line>
            <line number="40" branch="false" hits="0"/>
            <line number="41" branch="false" hits="0"/>
            <line number="42" branch="false" hits="0"/>
            <line number="43" branch="false" hits="0"/>
            <line number="44" branch="false" hits="0"/>
            <line number="46" branch="true" hits="1" condition-coverage="100% (1/1)">
              <conditions>
                <condition number="0" type="jump" coverage="100%"/>
              </conditions>
            </line>
            <line number="47" branch="false" hits="1"/>
            <line number="48" branch="false" hits="1"/>
            <line number="49" branch="false" hits="1"/>
            <line number="51" branch="true" hits="0" condition-coverage="0% (0/1)">
              <conditions>
                <condition number="0" type="jump" coverage="0%"/>
              </conditions>
            </line>
            <line number="52" branch="false" hits="0"/>
            <line number="53" branch="false" hits="0"/>
            <line number="54" branch="false" hits="0"/>
            <line number="56" branch="true" hits="1" condition-coverage="100% (1/1)">
              <conditions>
                <condition number="0" type="jump" coverage="100%"/>
              </conditions>
            </line>
            <line number="57" branch="false" hits="1"/>
            <line number="58" branch="false" hits="1"/>
            <line number="59" branch="false" hits="1"/>
            <line number="61" branch="true" hits="0" condition-coverage="0% (0/1)">
              <conditions>
                <condition number="0" type="jump" coverage="0%"/>
              </conditions>
            </line>
            <line number="62" branch="false" hits="0"/>
            <line number="63" branch="false" hits="0"/>
            <line number="64" branch="false" hits="0"/>
            <line number="65" branch="false" hits="0"/>
          </lines>
        </class>
      </classes>
    </package>
  </packages>
</coverage>
